2020/08/24 21:10:10 [error] [exception.CHttpException.404] CHttpException: The requested view "index" was not found. in E:\xampp\htdocs\yii\framework\web\actions\CViewAction.php:112
Stack trace:
#0 E:\xampp\htdocs\yii\framework\web\actions\CViewAction.php(123): CViewAction->resolveView('index')
#1 E:\xampp\htdocs\yii\framework\web\actions\CAction.php(76): CViewAction->run()
#2 E:\xampp\htdocs\yii\framework\web\CController.php(308): CAction->runWithParams(Array)
#3 E:\xampp\htdocs\yii\framework\web\CController.php(286): CController->runAction(Object(CViewAction))
#4 E:\xampp\htdocs\yii\framework\web\CController.php(265): CController->runActionWithFilters(Object(CViewAction), Array)
#5 E:\xampp\htdocs\yii\framework\web\CWebApplication.php(282): CController->run('page')
#6 E:\xampp\htdocs\yii\framework\web\CWebApplication.php(141): CWebApplication->runController('site/page')
#7 E:\xampp\htdocs\yii\framework\base\CApplication.php(185): CWebApplication->processRequest()
#8 E:\xampp\htdocs\PhPYiiTesting\index.php(13): CApplication->run()
#9 {main}
REQUEST_URI=/phpyiitesting/index.php?r=site/page&view=index
HTTP_REFERER=http://localhost/phpyiitesting/index.php?r=site/index
---
2020/08/24 21:10:33 [error] [exception.CHttpException.404] CHttpException: The requested view "index" was not found. in E:\xampp\htdocs\yii\framework\web\actions\CViewAction.php:112
Stack trace:
#0 E:\xampp\htdocs\yii\framework\web\actions\CViewAction.php(123): CViewAction->resolveView('index')
#1 E:\xampp\htdocs\yii\framework\web\actions\CAction.php(76): CViewAction->run()
#2 E:\xampp\htdocs\yii\framework\web\CController.php(308): CAction->runWithParams(Array)
#3 E:\xampp\htdocs\yii\framework\web\CController.php(286): CController->runAction(Object(CViewAction))
#4 E:\xampp\htdocs\yii\framework\web\CController.php(265): CController->runActionWithFilters(Object(CViewAction), Array)
#5 E:\xampp\htdocs\yii\framework\web\CWebApplication.php(282): CController->run('page')
#6 E:\xampp\htdocs\yii\framework\web\CWebApplication.php(141): CWebApplication->runController('site/page')
#7 E:\xampp\htdocs\yii\framework\base\CApplication.php(185): CWebApplication->processRequest()
#8 E:\xampp\htdocs\PhPYiiTesting\index.php(13): CApplication->run()
#9 {main}
REQUEST_URI=/phpyiitesting/index.php?r=site/page&view=index
HTTP_REFERER=http://localhost/phpyiitesting/index.php?r=site/index
---
2020/08/24 21:10:35 [error] [exception.CHttpException.404] CHttpException: The requested view "index" was not found. in E:\xampp\htdocs\yii\framework\web\actions\CViewAction.php:112
Stack trace:
#0 E:\xampp\htdocs\yii\framework\web\actions\CViewAction.php(123): CViewAction->resolveView('index')
#1 E:\xampp\htdocs\yii\framework\web\actions\CAction.php(76): CViewAction->run()
#2 E:\xampp\htdocs\yii\framework\web\CController.php(308): CAction->runWithParams(Array)
#3 E:\xampp\htdocs\yii\framework\web\CController.php(286): CController->runAction(Object(CViewAction))
#4 E:\xampp\htdocs\yii\framework\web\CController.php(265): CController->runActionWithFilters(Object(CViewAction), Array)
#5 E:\xampp\htdocs\yii\framework\web\CWebApplication.php(282): CController->run('page')
#6 E:\xampp\htdocs\yii\framework\web\CWebApplication.php(141): CWebApplication->runController('site/page')
#7 E:\xampp\htdocs\yii\framework\base\CApplication.php(185): CWebApplication->processRequest()
#8 E:\xampp\htdocs\PhPYiiTesting\index.php(13): CApplication->run()
#9 {main}
REQUEST_URI=/phpyiitesting/index.php?r=site/page&view=index
HTTP_REFERER=http://localhost/phpyiitesting/index.php?r=site/index
---
